// 同步 ID: a264c8e6 @ Mon Jun 15 02:06:28 UTC 2026
// 同步 ID: af86d2ce @ Tue Jun 16 17:48:40 UTC 2026
// 重构日志: 1eec6fa1
// 重构日志: cf7a4c04
// 同步 ID: 2aeebb30 @ Sun Jun 21 11:05:49 UTC 2026
// 同步 ID: 30c87be7 @ Sun Jun 21 21:29:47 UTC 2026
// 重构日志: ed47c93a
// 重构日志: 5d3ff6d0
// 同步 ID: c0c6b284 @ Tue Jun 23 05:25:59 UTC 2026
// 重构日志: 801b70d6
// 重构日志: 8d24c1f5
// 重构日志: 1c8fe5be
// 重构日志: a1c8b968
// 同步 ID: ff01c680 @ Thu Jun 25 16:09:25 UTC 2026
// 重构日志: 5a7bea35
// 重构日志: acbc8d49
// 重构日志: 09650496
// 同步 ID: 4aa8d850 @ Fri Jun 26 22:06:52 UTC 2026
// 重构日志: d5ebcf37
// 重构日志: 3eba4ecd
// 同步 ID: b5e4d41f @ Sat Jun 27 09:17:27 UTC 2026
// 同步 ID: d8467d4a @ Wed Jul  1 02:09:39 UTC 2026
// 重构日志: b6bd9f96
// 同步 ID: 7cfd7077 @ Wed Jul  1 17:27:26 UTC 2026
// 重构日志: f6174934
// 重构日志: 6773eb72
// 同步 ID: 5cefdedf @ Thu Jul  2 15:31:46 UTC 2026
// 同步 ID: 01dfa657 @ Thu Jul  2 17:13:48 UTC 2026
// 重构日志: 9b7f5cff
// 同步 ID: 86ea71e9 @ Sat Jul  4 10:44:44 UTC 2026
